[0.347s] DEBUG:colcon:Command line arguments: ['/usr/bin/colcon', 'list', '-p', '--base-paths', '/home/ahmad/InmindFinal']
[0.347s] DEBUG:colcon:Parsed command line arguments: Namespace(log_base=None, log_level=None, verb_name='list', build_base='build', ignore_user_meta=False, metas=['./colcon.meta'], base_paths=['/home/ahmad/InmindFinal'], packages_ignore=None, packages_ignore_regex=None, paths=None, packages_up_to=None, packages_up_to_regex=None, packages_above=None, packages_above_and_dependencies=None, packages_above_depth=None, packages_select_by_dep=None, packages_skip_by_dep=None, packages_skip_up_to=None, packages_select_build_failed=False, packages_skip_build_finished=False, packages_select_test_failures=False, packages_skip_test_passed=False, packages_select=None, packages_skip=None, packages_select_regex=None, packages_skip_regex=None, packages_start=None, packages_end=None, allow_overriding=[], topological_order=False, names_only=False, paths_only=True, topological_graph=False, topological_graph_dot=False, topological_graph_density=False, topological_graph_legend=False, topological_graph_dot_cluster=False, topological_graph_dot_include_skipped=False, mixin_files=None, mixin=None, verb_parser=<colcon_mixin.mixin.mixin_argument.MixinArgumentDecorator object at 0x7fede7ff3970>, verb_extension=<colcon_package_information.verb.list.ListVerb object at 0x7fede7ff23b0>, main=<bound method ListVerb.main of <colcon_package_information.verb.list.ListVerb object at 0x7fede7ff23b0>>, mixin_verb=('list',))
[0.553s] Level 1:colcon.colcon_core.package_discovery:discover_packages(colcon_meta) check parameters
[0.554s] Level 1:colcon.colcon_core.package_discovery:discover_packages(recursive) check parameters
[0.554s] Level 1:colcon.colcon_core.package_discovery:discover_packages(ignore) check parameters
[0.554s] Level 1:colcon.colcon_core.package_discovery:discover_packages(path) check parameters
[0.554s] Level 1:colcon.colcon_core.package_discovery:discover_packages(recursive) discover
[0.554s] INFO:colcon.colcon_core.package_discovery:Crawling recursively for packages in '/home/ahmad/InmindFinal'
[0.554s] Level 1:colcon.colcon_core.package_identification:_identify(/home/ahmad/InmindFinal) by extensions ['ignore', 'ignore_ament_install']
[0.554s] Level 1:colcon.colcon_core.package_identification:_identify(/home/ahmad/InmindFinal) by extension 'ignore'
[0.554s] Level 1:colcon.colcon_core.package_identification:_identify(/home/ahmad/InmindFinal) by extension 'ignore_ament_install'
[0.554s] Level 1:colcon.colcon_core.package_identification:_identify(/home/ahmad/InmindFinal) by extensions ['colcon_pkg']
[0.554s] Level 1:colcon.colcon_core.package_identification:_identify(/home/ahmad/InmindFinal) by extension 'colcon_pkg'
[0.554s] Level 1:colcon.colcon_core.package_identification:_identify(/home/ahmad/InmindFinal) by extensions ['colcon_meta']
[0.554s] Level 1:colcon.colcon_core.package_identification:_identify(/home/ahmad/InmindFinal) by extension 'colcon_meta'
[0.554s] Level 1:colcon.colcon_core.package_identification:_identify(/home/ahmad/InmindFinal) by extensions ['ros']
[0.554s] Level 1:colcon.colcon_core.package_identification:_identify(/home/ahmad/InmindFinal) by extension 'ros'
[0.564s] Level 1:colcon.colcon_core.package_identification:_identify(/home/ahmad/InmindFinal) by extensions ['cmake', 'python']
[0.564s] Level 1:colcon.colcon_core.package_identification:_identify(/home/ahmad/InmindFinal) by extension 'cmake'
[0.564s] Level 1:colcon.colcon_core.package_identification:_identify(/home/ahmad/InmindFinal) by extension 'python'
[0.564s] Level 1:colcon.colcon_core.package_identification:_identify(/home/ahmad/InmindFinal) by extensions ['python_setup_py']
[0.564s] Level 1:colcon.colcon_core.package_identification:_identify(/home/ahmad/InmindFinal) by extension 'python_setup_py'
[0.564s] Level 1:colcon.colcon_core.package_identification:_identify(/home/ahmad/InmindFinal/build) by extensions ['ignore', 'ignore_ament_install']
[0.565s] Level 1:colcon.colcon_core.package_identification:_identify(/home/ahmad/InmindFinal/build) by extension 'ignore'
[0.565s] Level 1:colcon.colcon_core.package_identification:_identify(/home/ahmad/InmindFinal/build) ignored
[0.565s] Level 1:colcon.colcon_core.package_identification:_identify(/home/ahmad/InmindFinal/install) by extensions ['ignore', 'ignore_ament_install']
[0.565s] Level 1:colcon.colcon_core.package_identification:_identify(/home/ahmad/InmindFinal/install) by extension 'ignore'
[0.565s] Level 1:colcon.colcon_core.package_identification:_identify(/home/ahmad/InmindFinal/install) ignored
[0.565s] Level 1:colcon.colcon_core.package_identification:_identify(/home/ahmad/InmindFinal/log) by extensions ['ignore', 'ignore_ament_install']
[0.565s] Level 1:colcon.colcon_core.package_identification:_identify(/home/ahmad/InmindFinal/log) by extension 'ignore'
[0.565s] Level 1:colcon.colcon_core.package_identification:_identify(/home/ahmad/InmindFinal/log) ignored
[0.565s] Level 1:colcon.colcon_core.package_identification:_identify(/home/ahmad/InmindFinal/src) by extensions ['ignore', 'ignore_ament_install']
[0.566s] Level 1:colcon.colcon_core.package_identification:_identify(/home/ahmad/InmindFinal/src) by extension 'ignore'
[0.566s] Level 1:colcon.colcon_core.package_identification:_identify(/home/ahmad/InmindFinal/src) by extension 'ignore_ament_install'
[0.566s] Level 1:colcon.colcon_core.package_identification:_identify(/home/ahmad/InmindFinal/src) by extensions ['colcon_pkg']
[0.566s] Level 1:colcon.colcon_core.package_identification:_identify(/home/ahmad/InmindFinal/src) by extension 'colcon_pkg'
[0.566s] Level 1:colcon.colcon_core.package_identification:_identify(/home/ahmad/InmindFinal/src) by extensions ['colcon_meta']
[0.566s] Level 1:colcon.colcon_core.package_identification:_identify(/home/ahmad/InmindFinal/src) by extension 'colcon_meta'
[0.566s] Level 1:colcon.colcon_core.package_identification:_identify(/home/ahmad/InmindFinal/src) by extensions ['ros']
[0.566s] Level 1:colcon.colcon_core.package_identification:_identify(/home/ahmad/InmindFinal/src) by extension 'ros'
[0.566s] Level 1:colcon.colcon_core.package_identification:_identify(/home/ahmad/InmindFinal/src) by extensions ['cmake', 'python']
[0.566s] Level 1:colcon.colcon_core.package_identification:_identify(/home/ahmad/InmindFinal/src) by extension 'cmake'
[0.566s] Level 1:colcon.colcon_core.package_identification:_identify(/home/ahmad/InmindFinal/src) by extension 'python'
[0.566s] Level 1:colcon.colcon_core.package_identification:_identify(/home/ahmad/InmindFinal/src) by extensions ['python_setup_py']
[0.566s] Level 1:colcon.colcon_core.package_identification:_identify(/home/ahmad/InmindFinal/src) by extension 'python_setup_py'
[0.566s] Level 1:colcon.colcon_core.package_identification:_identify(/home/ahmad/InmindFinal/src/robot_driver) by extensions ['ignore', 'ignore_ament_install']
[0.566s] Level 1:colcon.colcon_core.package_identification:_identify(/home/ahmad/InmindFinal/src/robot_driver) by extension 'ignore'
[0.566s] Level 1:colcon.colcon_core.package_identification:_identify(/home/ahmad/InmindFinal/src/robot_driver) by extension 'ignore_ament_install'
[0.566s] Level 1:colcon.colcon_core.package_identification:_identify(/home/ahmad/InmindFinal/src/robot_driver) by extensions ['colcon_pkg']
[0.566s] Level 1:colcon.colcon_core.package_identification:_identify(/home/ahmad/InmindFinal/src/robot_driver) by extension 'colcon_pkg'
[0.567s] Level 1:colcon.colcon_core.package_identification:_identify(/home/ahmad/InmindFinal/src/robot_driver) by extensions ['colcon_meta']
[0.567s] Level 1:colcon.colcon_core.package_identification:_identify(/home/ahmad/InmindFinal/src/robot_driver) by extension 'colcon_meta'
[0.567s] Level 1:colcon.colcon_core.package_identification:_identify(/home/ahmad/InmindFinal/src/robot_driver) by extensions ['ros']
[0.567s] Level 1:colcon.colcon_core.package_identification:_identify(/home/ahmad/InmindFinal/src/robot_driver) by extension 'ros'
[0.569s] DEBUG:colcon.colcon_core.package_identification:Package '/home/ahmad/InmindFinal/src/robot_driver' with type 'ros.ament_cmake' and name 'robot_driver'
[0.569s] Level 1:colcon.colcon_core.package_discovery:discover_packages(recursive) using defaults
